<?xml version="1.0" encoding="UTF-8"?>
<testsuite name="com.example.project.TestFibonacci" tests="5" skipped="0" failures="0" errors="0" timestamp="2025-01-08T02:41:08" hostname="codespaces-4823ca" time="0.209">
  <properties/>
  <testcase name="testGetIndexOf()" classname="com.example.project.TestFibonacci" time="0.072"/>
  <testcase name="testGetSequence()" classname="com.example.project.TestFibonacci" time="0.008"/>
  <testcase name="testExtendBy()" classname="com.example.project.TestFibonacci" time="0.01"/>
  <testcase name="testFibonacciString()" classname="com.example.project.TestFibonacci" time="0.039"/>
  <testcase name="testConstructor()" classname="com.example.project.TestFibonacci" time="0.023"/>
  <system-out><![CDATA[]]></system-out>
  <system-err><![CDATA[]]></system-err>
</testsuite>
